
----------------------------------
  012345678
0    ooo
1    ooo
2    ooo
3 ooooooooo
4 ooooooooo
5 oooo.oooo
6    o.o
7    ooo
8    ooo
----------------------------------
move = (6,4) -> (4,4)
-----------------------------------------------------------------------------
----------------------------------
  012345678
0    ooo
1    ooo
2    ooo
3 ooooooooo
4 ooooooooo
5 ooooo..oo
6    o.o
7    ooo
8    ooo
----------------------------------
move = (5,6) -> (5,4)
-----------------------------------------------------------------------------
----------------------------------
  012345678
0    ooo
1    ooo
2    ooo
3 ooooooooo
4 ooooooooo
5 ooooo..oo
6    ooo
7    o.o
8    o.o
----------------------------------
move = (8,4) -> (6,4)
-----------------------------------------------------------------------------
----------------------------------
  012345678
0    ooo
1    ooo
2    ooo
3 ooooooooo
4 ooooooooo
5 oooooo.oo
6    oo.
7    o..
8    o.o
----------------------------------
move = (7,5) -> (5,5)
-----------------------------------------------------------------------------
----------------------------------
  012345678
0    ooo
1    ooo
2    ooo
3 ooooooooo
4 ooooooooo
5 oooo.o.oo
6    o..
7    oo.
8    o.o
----------------------------------
move = (5,4) -> (7,4)
-----------------------------------------------------------------------------
----------------------------------
  012345678
0    ooo
1    ooo
2    ooo
3 ooooooooo
4 ooooooooo
5 oooo.oo..
6    o..
7    oo.
8    o.o
----------------------------------
move = (5,8) -> (5,6)
-----------------------------------------------------------------------------
----------------------------------
  012345678
0    ooo
1    ooo
2    ooo
3 ooooooooo
4 ooooooooo
5 ooooo....
6    o..
7    oo.
8    o.o
----------------------------------
move = (5,6) -> (5,4)
-----------------------------------------------------------------------------
----------------------------------
  012345678
0    ooo
1    ooo
2    ooo
3 ooooooo.o
4 ooooooo.o
5 ooooo..o.
6    o..
7    oo.
8    o.o
----------------------------------
move = (3,7) -> (5,7)
-----------------------------------------------------------------------------
----------------------------------
  012345678
0    ooo
1    ooo
2    ooo
3 ooooo..oo
4 ooooooo.o
5 ooooo..o.
6    o..
7    oo.
8    o.o
----------------------------------
move = (3,5) -> (3,7)
-----------------------------------------------------------------------------
----------------------------------
  012345678
0    ooo
1    ooo
2    ooo
3 ooooo..o.
4 ooooooo..
5 ooooo..oo
6    o..
7    oo.
8    o.o
----------------------------------
move = (3,8) -> (5,8)
-----------------------------------------------------------------------------
----------------------------------
  012345678
0    ooo
1    ooo
2    ooo
3 ooooo..o.
4 ooooooo..
5 ooooo.o..
6    o..
7    oo.
8    o.o
----------------------------------
move = (5,8) -> (5,6)
-----------------------------------------------------------------------------
----------------------------------
  012345678
0    ooo
1    ooo
2    ooo
3 ooooo.oo.
4 oooooo...
5 ooooo....
6    o..
7    oo.
8    o.o
----------------------------------
move = (5,6) -> (3,6)
-----------------------------------------------------------------------------
----------------------------------
  012345678
0    ooo
1    ooo
2    ooo
3 ooooo.oo.
4 oooooo...
5 ooo..o...
6    o..
7    oo.
8    o.o
----------------------------------
move = (5,3) -> (5,5)
-----------------------------------------------------------------------------
----------------------------------
  012345678
0    ooo
1    ooo
2    ooo
3 ooooo.oo.
4 oooooo...
5 o..o.o...
6    o..
7    oo.
8    o.o
----------------------------------
move = (5,1) -> (5,3)
-----------------------------------------------------------------------------
----------------------------------
  012345678
0    ooo
1    ooo
2    ooo
3 o.ooo.oo.
4 o.oooo...
5 oo.o.o...
6    o..
7    oo.
8    o.o
----------------------------------
move = (3,1) -> (5,1)
-----------------------------------------------------------------------------
----------------------------------
  012345678
0    ooo
1    ooo
2    ooo
3 o.oooo...
4 o.oooo...
5 oo.o.o...
6    o..
7    oo.
8    o.o
----------------------------------
move = (3,7) -> (3,5)
-----------------------------------------------------------------------------
----------------------------------
  012345678
0    ooo
1    ooo
2    ooo
3 oo..oo...
4 o.oooo...
5 oo.o.o...
6    o..
7    oo.
8    o.o
----------------------------------
move = (3,3) -> (3,1)
-----------------------------------------------------------------------------
----------------------------------
  012345678
0    ooo
1    .oo
2    .oo
3 oo.ooo...
4 o.oooo...
5 oo.o.o...
6    o..
7    oo.
8    o.o
----------------------------------
move = (1,3) -> (3,3)
-----------------------------------------------------------------------------
----------------------------------
  012345678
0    ooo
1    o..
2    .oo
3 oo.ooo...
4 o.oooo...
5 oo.o.o...
6    o..
7    oo.
8    o.o
----------------------------------
move = (1,5) -> (1,3)
-----------------------------------------------------------------------------
----------------------------------
  012345678
0    ooo
1    o.o
2    .o.
3 oo.oo....
4 o.oooo...
5 oo.o.o...
6    o..
7    oo.
8    o.o
----------------------------------
move = (3,5) -> (1,5)
-----------------------------------------------------------------------------
----------------------------------
  012345678
0    ooo
1    o.o
2    .o.
3 oo.oo....
4 o.oo..o..
5 oo.o.o...
6    o..
7    oo.
8    o.o
----------------------------------
move = (4,4) -> (4,6)
-----------------------------------------------------------------------------
----------------------------------
  012345678
0    .oo
1    ..o
2    oo.
3 oo.oo....
4 o.oo..o..
5 oo.o.o...
6    o..
7    oo.
8    o.o
----------------------------------
move = (0,3) -> (2,3)
-----------------------------------------------------------------------------
----------------------------------
  012345678
0    .o.
1    ...
2    ooo
3 oo.oo....
4 o.oo..o..
5 oo.o.o...
6    o..
7    oo.
8    o.o
----------------------------------
move = (0,5) -> (2,5)
-----------------------------------------------------------------------------
----------------------------------
  012345678
0    .o.
1    ...
2    ooo
3 oo.oo....
4 oo....o..
5 oo.o.o...
6    o..
7    oo.
8    o.o
----------------------------------
move = (4,3) -> (4,1)
-----------------------------------------------------------------------------
----------------------------------
  012345678
0    .o.
1    ...
2    ooo
3 oo.oo....
4 oo.o..o..
5 oo...o...
6    ...
7    oo.
8    o.o
----------------------------------
move = (6,3) -> (4,3)
-----------------------------------------------------------------------------
----------------------------------
  012345678
0    .o.
1    o..
2    .oo
3 oo..o....
4 oo.o..o..
5 oo...o...
6    ...
7    oo.
8    o.o
----------------------------------
move = (3,3) -> (1,3)
-----------------------------------------------------------------------------
----------------------------------
  012345678
0    .o.
1    oo.
2    ..o
3 oo.......
4 oo.o..o..
5 oo...o...
6    ...
7    oo.
8    o.o
----------------------------------
move = (3,4) -> (1,4)
-----------------------------------------------------------------------------
----------------------------------
  012345678
0    ...
1    o..
2    .oo
3 oo.......
4 oo.o..o..
5 oo...o...
6    ...
7    oo.
8    o.o
----------------------------------
move = (0,4) -> (2,4)
-----------------------------------------------------------------------------
----------------------------------
  012345678
0    ...
1    o..
2    o..
3 oo.......
4 oo.o..o..
5 oo...o...
6    ...
7    oo.
8    o.o
----------------------------------
move = (2,5) -> (2,3)
-----------------------------------------------------------------------------
----------------------------------
  012345678
0    ...
1    o..
2    o..
3 oo.......
4 ..oo..o..
5 oo...o...
6    ...
7    oo.
8    o.o
----------------------------------
move = (4,0) -> (4,2)
-----------------------------------------------------------------------------
----------------------------------
  012345678
0    ...
1    o..
2    o..
3 oo.......
4 ..oo..o..
5 oo...o...
6    o..
7    .o.
8    ..o
----------------------------------
move = (8,3) -> (6,3)
-----------------------------------------------------------------------------
----------------------------------
  012345678
0    ...
1    ...
2    ...
3 oo.o.....
4 ..oo..o..
5 oo...o...
6    o..
7    .o.
8    ..o
----------------------------------
move = (1,3) -> (3,3)
-----------------------------------------------------------------------------
----------------------------------
  012345678
0    ...
1    ...
2    ...
3 oo.......
4 ..o...o..
5 oo.o.o...
6    o..
7    .o.
8    ..o
----------------------------------
move = (3,3) -> (5,3)
-----------------------------------------------------------------------------
----------------------------------
  012345678
0    ...
1    ...
2    ...
3 ..o......
4 ..o...o..
5 oo.o.o...
6    o..
7    .o.
8    ..o
----------------------------------
move = (3,0) -> (3,2)
-----------------------------------------------------------------------------
----------------------------------
  012345678
0    ...
1    ...
2    ...
3 ..o......
4 ..o...o..
5 ..oo.o...
6    o..
7    .o.
8    ..o
----------------------------------
move = (5,0) -> (5,2)
-----------------------------------------------------------------------------
----------------------------------
  012345678
0    ...
1    ...
2    ...
3 ..o......
4 ..o...o..
5 .o...o...
6    o..
7    .o.
8    ..o
----------------------------------
move = (5,3) -> (5,1)
-----------------------------------------------------------------------------
----------------------------------
  012345678
0    ...
1    ...
2    ...
3 .........
4 ......o..
5 .oo..o...
6    o..
7    .o.
8    ..o
----------------------------------
move = (3,2) -> (5,2)
-----------------------------------------------------------------------------
----------------------------------
  012345678
0    ...
1    ...
2    ...
3 .........
4 ......o..
5 ...o.o...
6    o..
7    .o.
8    ..o
----------------------------------
move = (5,1) -> (5,3)
-----------------------------------------------------------------------------
----------------------------------
  012345678
0    ...
1    ...
2    ...
3 .........
4 ......o..
5 .....o...
6    ...
7    oo.
8    ..o
----------------------------------
move = (5,3) -> (7,3)
-----------------------------------------------------------------------------
----------------------------------
  012345678
0    ...
1    ...
2    ...
3 .........
4 ......o..
5 .....o...
6    ...
7    ..o
8    ..o
----------------------------------
move = (7,3) -> (7,5)
-----------------------------------------------------------------------------
----------------------------------
  012345678
0    ...
1    ...
2    ...
3 .........
4 ......o..
5 .....o...
6    ..o
7    ...
8    ...
----------------------------------
move = (8,5) -> (6,5)
-----------------------------------------------------------------------------
----------------------------------
  012345678
0    ...
1    ...
2    ...
3 .........
4 .....oo..
5 .........
6    ...
7    ...
8    ...
----------------------------------
move = (6,5) -> (4,5)
-----------------------------------------------------------------------------
----------------------------------
  012345678
0    ...
1    ...
2    ...
3 .........
4 ....o....
5 .........
6    ...
7    ...
8    ...
----------------------------------
move = (4,6) -> (4,4)
-----------------------------------------------------------------------------